<?xml version="1.0" encoding="UTF-8"?>
<testsuite name="com.testrunner.testrunner" time="0.007" tests="33" errors="0" skipped="5" failures="0">
  <properties>
    <property name="java.runtime.name" value="Java(TM) SE Runtime Environment"/>
    <property name="sun.boot.library.path" value="C:\Program Files\Java\jdk1.8.0_241\jre\bin"/>
    <property name="java.vm.version" value="25.241-b07"/>
    <property name="java.vm.vendor" value="Oracle Corporation"/>
    <property name="maven.multiModuleProjectDirectory" value="C:\Users\edwin\eclipse-workspace1\cucumberhybridframework"/>
    <property name="java.vendor.url" value="http://java.oracle.com/"/>
    <property name="path.separator" value=";"/>
    <property name="guice.disable.misplaced.annotation.check" value="true"/>
    <property name="java.vm.name" value="Java HotSpot(TM) 64-Bit Server VM"/>
    <property name="file.encoding.pkg" value="sun.io"/>
    <property name="user.script" value=""/>
    <property name="user.country" value="US"/>
    <property name="sun.java.launcher" value="SUN_STANDARD"/>
    <property name="sun.os.patch.level" value=""/>
    <property name="java.vm.specification.name" value="Java Virtual Machine Specification"/>
    <property name="user.dir" value="C:\Users\edwin\eclipse-workspace1\cucumberhybridframework"/>
    <property name="java.runtime.version" value="1.8.0_241-b07"/>
    <property name="java.awt.graphicsenv" value="sun.awt.Win32GraphicsEnvironment"/>
    <property name="java.endorsed.dirs" value="C:\Program Files\Java\jdk1.8.0_241\jre\lib\endorsed"/>
    <property name="os.arch" value="amd64"/>
    <property name="java.io.tmpdir" value="C:\Users\edwin\AppData\Local\Temp\"/>
    <property name="line.separator" value="&#10;"/>
    <property name="java.vm.specification.vendor" value="Oracle Corporation"/>
    <property name="user.variant" value=""/>
    <property name="os.name" value="Windows 10"/>
    <property name="classworlds.conf" value="C:\apache-maven-3.6.3\bin\..\bin\m2.conf"/>
    <property name="sun.jnu.encoding" value="Cp1252"/>
    <property name="java.library.path" value="C:\Program Files\Java\jdk1.8.0_241\bin;C:\windows\Sun\Java\bin;C:\windows\system32;C:\windows;C:\Program Files (x86)\Common Files\Oracle\Java\javapath;C:\windows\system32;C:\windows;C:\windows\System32\Wbem;C:\windows\System32\WindowsPowerShell\v1.0\;C:\windows\System32\OpenSSH\;C:\Program Files\Java\jdk1.8.0_241\bin;C:\apache-maven-3.6.3\bin;C:\Program Files\MySQL\MySQL Shell 8.0\bin\;C:\Users\edwin\Downloads\allure-commandline-2.13.3\allure-2.13.3\bin;."/>
    <property name="maven.conf" value="C:\apache-maven-3.6.3\bin\../conf"/>
    <property name="java.specification.name" value="Java Platform API Specification"/>
    <property name="java.class.version" value="52.0"/>
    <property name="sun.management.compiler" value="HotSpot 64-Bit Tiered Compilers"/>
    <property name="os.version" value="10.0"/>
    <property name="library.jansi.path" value="C:\apache-maven-3.6.3\bin\..\lib\jansi-native"/>
    <property name="user.home" value="C:\Users\edwin"/>
    <property name="user.timezone" value="America/Chicago"/>
    <property name="java.awt.printerjob" value="sun.awt.windows.WPrinterJob"/>
    <property name="java.specification.version" value="1.8"/>
    <property name="file.encoding" value="Cp1252"/>
    <property name="user.name" value="edwin"/>
    <property name="java.class.path" value="C:\apache-maven-3.6.3\bin\..\boot\plexus-classworlds-2.6.0.jar"/>
    <property name="java.vm.specification.version" value="1.8"/>
    <property name="sun.arch.data.model" value="64"/>
    <property name="java.home" value="C:\Program Files\Java\jdk1.8.0_241\jre"/>
    <property name="sun.java.command" value="org.codehaus.plexus.classworlds.launcher.Launcher test"/>
    <property name="java.specification.vendor" value="Oracle Corporation"/>
    <property name="user.language" value="en"/>
    <property name="awt.toolkit" value="sun.awt.windows.WToolkit"/>
    <property name="java.vm.info" value="mixed mode"/>
    <property name="java.version" value="1.8.0_241"/>
    <property name="java.ext.dirs" value="C:\Program Files\Java\jdk1.8.0_241\jre\lib\ext;C:\windows\Sun\Java\lib\ext"/>
    <property name="sun.boot.class.path" value="C:\Program Files\Java\jdk1.8.0_241\jre\lib\resources.jar;C:\Program Files\Java\jdk1.8.0_241\jre\lib\rt.jar;C:\Program Files\Java\jdk1.8.0_241\jre\lib\sunrsasign.jar;C:\Program Files\Java\jdk1.8.0_241\jre\lib\jsse.jar;C:\Program Files\Java\jdk1.8.0_241\jre\lib\jce.jar;C:\Program Files\Java\jdk1.8.0_241\jre\lib\charsets.jar;C:\Program Files\Java\jdk1.8.0_241\jre\lib\jfr.jar;C:\Program Files\Java\jdk1.8.0_241\jre\classes"/>
    <property name="sun.stderr.encoding" value="cp437"/>
    <property name="java.vendor" value="Oracle Corporation"/>
    <property name="maven.home" value="C:\apache-maven-3.6.3\bin\.."/>
    <property name="file.separator" value="\"/>
    <property name="java.vendor.url.bug" value="http://bugreport.sun.com/bugreport/"/>
    <property name="sun.cpu.endian" value="little"/>
    <property name="sun.io.unicode.encoding" value="UnicodeLittle"/>
    <property name="sun.stdout.encoding" value="cp437"/>
    <property name="sun.desktop" value="windows"/>
    <property name="sun.cpu.isalist" value="amd64"/>
  </properties>
  <testcase name="Given launch the browser and enter the url" classname="Scenario: Validate admin functionality" time="0.003"/>
  <testcase name="When login page is opened" classname="Scenario: Validate admin functionality" time="0"/>
  <testcase name="Then user enters the login credentials" classname="Scenario: Validate admin functionality" time="0"/>
  <testcase name="Then admin should be selected" classname="Scenario: Validate admin functionality" time="0"/>
  <testcase name="Then type name" classname="Scenario: Validate admin functionality" time="0"/>
  <testcase name="Then select userrole" classname="Scenario: Validate admin functionality" time="0"/>
  <testcase name="Then enter Employeename" classname="Scenario: Validate admin functionality" time="0"/>
  <testcase name="Then click on the search button" classname="Scenario: Validate admin functionality" time="0"/>
  <testcase name="And close the browser" classname="Scenario: Validate admin functionality" time="0"/>
  <testcase name="Scenario: Validate admin functionality" classname="Scenario: Validate admin functionality" time="0.002"/>
  <testcase name="Given launch the browser and enter the url" classname="Scenario: validate Leave funtionality" time="0"/>
  <testcase name="When login page is opened" classname="Scenario: validate Leave funtionality" time="0"/>
  <testcase name="Then user enters the login credentials" classname="Scenario: validate Leave funtionality" time="0"/>
  <testcase name="Then click on Leave" classname="Scenario: validate Leave funtionality" time="0"/>
  <testcase name="Then leave status is shown" classname="Scenario: validate Leave funtionality" time="0">
    <skipped/>
  </testcase>
  <testcase name="Then type name of the employee" classname="Scenario: validate Leave funtionality" time="0">
    <skipped/>
  </testcase>
  <testcase name="Then sub unit is selected" classname="Scenario: validate Leave funtionality" time="0">
    <skipped/>
  </testcase>
  <testcase name="And search button is clicked" classname="Scenario: validate Leave funtionality" time="0">
    <skipped/>
  </testcase>
  <testcase name="Scenario: validate Leave funtionality" classname="Scenario: validate Leave funtionality" time="0">
    <skipped/>
  </testcase>
  <testcase name="Scenario: validate Leave funtionality" classname="Scenario: validate Leave funtionality" time="0.009"/>
  <testcase name="Given launch the browser and enter the url" classname="Scenario: Validate Recuritment functionality" time="0"/>
  <testcase name="When login page is opened" classname="Scenario: Validate Recuritment functionality" time="0"/>
  <testcase name="Then user enters the login credentials" classname="Scenario: Validate Recuritment functionality" time="0"/>
  <testcase name="When recuritment link is clicked" classname="Scenario: Validate Recuritment functionality" time="0"/>
  <testcase name="When select jobtitle" classname="Scenario: Validate Recuritment functionality" time="0"/>
  <testcase name="When select hiringmanager" classname="Scenario: Validate Recuritment functionality" time="0"/>
  <testcase name="When enter candidate name" classname="Scenario: Validate Recuritment functionality" time="0.001"/>
  <testcase name="When type keywords" classname="Scenario: Validate Recuritment functionality" time="0"/>
  <testcase name="When pick  from date of application" classname="Scenario: Validate Recuritment functionality" time="0"/>
  <testcase name="When pick  to date of applictaion" classname="Scenario: Validate Recuritment functionality" time="0"/>
  <testcase name="When select method of application" classname="Scenario: Validate Recuritment functionality" time="0"/>
  <testcase name="Then click on search" classname="Scenario: Validate Recuritment functionality" time="0"/>
  <testcase name="Scenario: Validate Recuritment functionality" classname="Scenario: Validate Recuritment functionality" time="0.001"/>
</testsuite>